Start testing: Apr 15 12:44 UTC
----------------------------------------------------------
1/3 Testing: bubblesort
1/3 Test: bubblesort
Command: "/home/pcsdocker/Data/PCS2026/Esercitazione4/build_es04/test_bubblesort"
Directory: /home/pcsdocker/Data/PCS2026/Esercitazione4/build_es04
"bubblesort" start time: Apr 15 12:44 UTC
Output:
----------------------------------------------------------
Tutti i test di Bubblesort passati
<end of output>
Test time =   0.27 sec
----------------------------------------------------------
Test Passed.
"bubblesort" end time: Apr 15 12:44 UTC
"bubblesort" time elapsed: 00:00:00
----------------------------------------------------------

2/3 Testing: insertionsort
2/3 Test: insertionsort
Command: "/home/pcsdocker/Data/PCS2026/Esercitazione4/build_es04/test_insertionsort"
Directory: /home/pcsdocker/Data/PCS2026/Esercitazione4/build_es04
"insertionsort" start time: Apr 15 12:44 UTC
Output:
----------------------------------------------------------
Tutti i test di Insertionsort passati
<end of output>
Test time =   0.07 sec
----------------------------------------------------------
Test Passed.
"insertionsort" end time: Apr 15 12:44 UTC
"insertionsort" time elapsed: 00:00:00
----------------------------------------------------------

3/3 Testing: selectionsort
3/3 Test: selectionsort
Command: "/home/pcsdocker/Data/PCS2026/Esercitazione4/build_es04/test_selectionsort"
Directory: /home/pcsdocker/Data/PCS2026/Esercitazione4/build_es04
"selectionsort" start time: Apr 15 12:44 UTC
Output:
----------------------------------------------------------
Tutti i test di Selectionsort passati
<end of output>
Test time =   0.11 sec
----------------------------------------------------------
Test Passed.
"selectionsort" end time: Apr 15 12:44 UTC
"selectionsort" time elapsed: 00:00:00
----------------------------------------------------------

End testing: Apr 15 12:44 UTC
